-------------------------------------------------------------------------------
Test set: hello.ApplicationTest
-------------------------------------------------------------------------------
Tests run: 1, Failures: 0, Errors: 1, Skipped: 0, Time elapsed: 0.146 s <<< FAILURE! - in hello.ApplicationTest
initializationError(hello.ApplicationTest)  Time elapsed: 0.004 s  <<< ERROR!
java.lang.Exception: No runnable methods

